# JRE version: OpenJDK Runtime Environment (22.0.2+9) (build 22.0.2+9-70)
# Java VM: OpenJDK 64-Bit Server VM (22.0.2+9-70, mixed mode, sharing, tiered, compressed oops, compressed class ptrs, g1 gc, bsd-aarch64)
Heap:
 garbage-first heap   total reserved 2097152K, committed 199680K, used 111735K [0x0000000780000000, 0x0000000800000000)
  region size 1024K, 40 young (40960K), 1 survivors (1024K)
 Metaspace       used 9597K, committed 9792K, reserved 1114112K
  class space    used 1031K, committed 1152K, reserved 1048576K
GC Heap History (20 events):
Event: 13.009 GC heap before
{Heap before GC invocations=3 (full 0):
 garbage-first heap   total reserved 2097152K, committed 133120K, used 108963K [0x0000000780000000, 0x0000000800000000)
  region size 1024K, 41 young (41984K), 1 survivors (1024K)
 Metaspace       used 9326K, committed 9600K, reserved 1114112K
  class space    used 1012K, committed 1152K, reserved 1048576K
}
Event: 13.015 GC heap after
{Heap after GC invocations=4 (full 0):
 garbage-first heap   total reserved 2097152K, committed 133120K, used 72651K [0x0000000780000000, 0x0000000800000000)
  region size 1024K, 6 young (6144K), 6 survivors (6144K)
 Metaspace       used 9326K, committed 9600K, reserved 1114112K
  class space    used 1012K, committed 1152K, reserved 1048576K
}
Event: 16.717 GC heap before
{Heap before GC invocations=4 (full 0):
 garbage-first heap   total reserved 2097152K, committed 133120K, used 111563K [0x0000000780000000, 0x0000000800000000)
  region size 1024K, 44 young (45056K), 6 survivors (6144K)
 Metaspace       used 9445K, committed 9664K, reserved 1114112K
  class space    used 1029K, committed 1152K, reserved 1048576K
}
Event: 16.720 GC heap after
{Heap after GC invocations=5 (full 0):
 garbage-first heap   total reserved 2097152K, committed 133120K, used 72564K [0x0000000780000000, 0x0000000800000000)
  region size 1024K, 1 young (1024K), 1 survivors (1024K)
 Metaspace       used 9445K, committed 9664K, reserved 1114112K
  class space    used 1029K, committed 1152K, reserved 1048576K
}
Event: 20.670 GC heap before
{Heap before GC invocations=5 (full 0):
 garbage-first heap   total reserved 2097152K, committed 133120K, used 118644K [0x0000000780000000, 0x0000000800000000)
  region size 1024K, 46 young (47104K), 1 survivors (1024K)
 Metaspace       used 9564K, committed 9792K, reserved 1114112K
  class space    used 1030K, committed 1152K, reserved 1048576K
}
Event: 20.672 GC heap after
{Heap after GC invocations=6 (full 0):
 garbage-first heap   total reserved 2097152K, committed 133120K, used 72550K [0x0000000780000000, 0x0000000800000000)
  region size 1024K, 1 young (1024K), 1 survivors (1024K)
 Metaspace       used 9564K, committed 9792K, reserved 1114112K
  class space    used 1030K, committed 1152K, reserved 1048576K
}
Event: 25.592 GC heap before
{Heap before GC invocations=7 (full 0):
 garbage-first heap   total reserved 2097152K, committed 133120K, used 122726K [0x0000000780000000, 0x0000000800000000)
  region size 1024K, 50 young (51200K), 1 survivors (1024K)
 Metaspace       used 9577K, committed 9792K, reserved 1114112K
  class space    used 1030K, committed 1152K, reserved 1048576K
}
Event: 25.593 GC heap after
{Heap after GC invocations=8 (full 0):
 garbage-first heap   total reserved 2097152K, committed 133120K, used 72588K [0x0000000780000000, 0x0000000800000000)
  region size 1024K, 1 young (1024K), 1 survivors (1024K)
 Metaspace       used 9577K, committed 9792K, reserved 1114112K
  class space    used 1030K, committed 1152K, reserved 1048576K
}
Event: 30.609 GC heap before
{Heap before GC invocations=8 (full 0):
 garbage-first heap   total reserved 2097152K, committed 133120K, used 123788K [0x0000000780000000, 0x0000000800000000)
  region size 1024K, 51 young (52224K), 1 survivors (1024K)
 Metaspace       used 9580K, committed 9792K, reserved 1114112K
  class space    used 1031K, committed 1152K, reserved 1048576K
}
Event: 30.610 GC heap after
{Heap after GC invocations=9 (full 0):
 garbage-first heap   total reserved 2097152K, committed 133120K, used 72622K [0x0000000780000000, 0x0000000800000000)
  region size 1024K, 1 young (1024K), 1 survivors (1024K)
 Metaspace       used 9580K, committed 9792K, reserved 1114112K
  class space    used 1031K, committed 1152K, reserved 1048576K
}
Event: 35.636 GC heap before
{Heap before GC invocations=9 (full 0):
 garbage-first heap   total reserved 2097152K, committed 133120K, used 123822K [0x0000000780000000, 0x0000000800000000)
  region size 1024K, 51 young (52224K), 1 survivors (1024K)
 Metaspace       used 9580K, committed 9792K, reserved 1114112K
  class space    used 1031K, committed 1152K, reserved 1048576K
}
Event: 35.637 GC heap after
{Heap after GC invocations=10 (full 0):
 garbage-first heap   total reserved 2097152K, committed 133120K, used 72618K [0x0000000780000000, 0x0000000800000000)
  region size 1024K, 1 young (1024K), 1 survivors (1024K)
 Metaspace       used 9580K, committed 9792K, reserved 1114112K
  class space    used 1031K, committed 1152K, reserved 1048576K
}
Event: 40.586 GC heap before
{Heap before GC invocations=11 (full 0):
 garbage-first heap   total reserved 2097152K, committed 133120K, used 123818K [0x0000000780000000, 0x0000000800000000)
  region size 1024K, 51 young (52224K), 1 survivors (1024K)
 Metaspace       used 9580K, committed 9792K, reserved 1114112K
  class space    used 1031K, committed 1152K, reserved 1048576K
}
Event: 40.587 GC heap after
{Heap after GC invocations=12 (full 0):
 garbage-first heap   total reserved 2097152K, committed 133120K, used 72618K [0x0000000780000000, 0x0000000800000000)
  region size 1024K, 1 young (1024K), 1 survivors (1024K)
 Metaspace       used 9580K, committed 9792K, reserved 1114112K
  class space    used 1031K, committed 1152K, reserved 1048576K
}
Event: 45.602 GC heap before
{Heap before GC invocations=12 (full 0):
 garbage-first heap   total reserved 2097152K, committed 133120K, used 123818K [0x0000000780000000, 0x0000000800000000)
  region size 1024K, 51 young (52224K), 1 survivors (1024K)
 Metaspace       used 9583K, committed 9792K, reserved 1114112K
  class space    used 1031K, committed 1152K, reserved 1048576K
}
Event: 45.602 GC heap after
{Heap after GC invocations=13 (full 0):
 garbage-first heap   total reserved 2097152K, committed 133120K, used 72297K [0x0000000780000000, 0x0000000800000000)
  region size 1024K, 1 young (1024K), 1 survivors (1024K)
 Metaspace       used 9583K, committed 9792K, reserved 1114112K
  class space    used 1031K, committed 1152K, reserved 1048576K
}
Event: 50.492 GC heap before
{Heap before GC invocations=13 (full 0):
 garbage-first heap   total reserved 2097152K, committed 133120K, used 123497K [0x0000000780000000, 0x0000000800000000)
  region size 1024K, 51 young (52224K), 1 survivors (1024K)
 Metaspace       used 9597K, committed 9792K, reserved 1114112K
  class space    used 1031K, committed 1152K, reserved 1048576K
}
Event: 50.493 GC heap after
{Heap after GC invocations=14 (full 0):
 garbage-first heap   total reserved 2097152K, committed 133120K, used 72311K [0x0000000780000000, 0x0000000800000000)
  region size 1024K, 1 young (1024K), 1 survivors (1024K)
 Metaspace       used 9597K, committed 9792K, reserved 1114112K
  class space    used 1031K, committed 1152K, reserved 1048576K
}
Event: 54.834 GC heap before
{Heap before GC invocations=15 (full 0):
 garbage-first heap   total reserved 2097152K, committed 133120K, used 123511K [0x0000000780000000, 0x0000000800000000)
  region size 1024K, 51 young (52224K), 1 survivors (1024K)
 Metaspace       used 9597K, committed 9792K, reserved 1114112K
  class space    used 1031K, committed 1152K, reserved 1048576K
}
Event: 54.837 GC heap after
{Heap after GC invocations=16 (full 0):
 garbage-first heap   total reserved 2097152K, committed 199680K, used 72311K [0x0000000780000000, 0x0000000800000000)
  region size 1024K, 1 young (1024K), 1 survivors (1024K)
 Metaspace       used 9597K, committed 9792K, reserved 1114112K
  class space    used 1031K, committed 1152K, reserved 1048576K
}

